[OK] Read secure_api_wrapper.py (11104 bytes)
[OK] Read safety_gateway.py (6676 bytes)
[OK] Read safety_validator.py (12594 bytes)
[OK] Read safety_sanitize.py (7822 bytes)
[OK] Read safety_killswitch.py (9849 bytes)
[OK] Read safety_constitutional.py (3516 bytes)
[OK] Read LAN_SAFETY_DESIGN.md (23132 bytes)
[SKIP] Could not read test_lan_security.py: [Errno 2] No such file or directory: 'test_lan_security.py'

============================================================
SECURITY SELF-AUDIT INITIATED
============================================================
Analyzing 7 security files...
Total context: ~52020 characters
Budget: $0.05

============================================================
AUDIT COMPLETE
============================================================

Cost: $0.0077
Tokens: 11358 in, 1309 out

Saved to: SECURITY_AUDIT_REPORT.md

**Comprehensive Security Audit Report**

**Executive Summary**
The current security architecture of the autonomous AI swarm system has multiple layers of defense, including role-based access control, budget enforcement, audit logging, rate limiting, and constitutional checks. However, there are potential vulnerabilities and gaps in the implementation that could be exploited by a motivated attacker. This report highlights the findings of the security audit, including defense in depth analysis, known vulnerabilities, attack vectors, LAN user isolation, compliance with the LAN_SAFETY_DESIGN.md document, critical gaps, and recommendations for improvement.

**1. Defense in Depth Analysis**
The current security layers include:
* Role-based access control (admin vs LAN user)
* Budget enforcement (hard limits, cannot be bypassed)
* Audit logging (all calls logged with user context)
* Rate limiting (prevents abuse)
* Constitutional checks (no dangerous requests)
* File access validation (respects permission tiers)
There are no single points of failure, and each layer provides a level of security. However, some layers can be bypassed, such as the rate limiting layer, which can be exploited by a determined attacker.

**2. Known Vulnerabilities**
* Direct API access: Although the secure API wrapper is in place, there is still a possibility of direct API access being exploited if the wrapper is not properly configured or if there are vulnerabilities in the wrapper itself.
* File permission bypass paths: There are potential file permission bypass paths, such as exploiting vulnerabilities in the file system or using social engineering tactics to gain access to sensitive files.
* Role escalation vectors: There are potential role escalation vectors, such as exploiting vulnerabilities in the role-based access control system or using social engineering tactics to gain access to admin credentials.
* Budget enforcement gaps: There are potential budget enforcement gaps, such as exploiting vulnerabilities in the budget enforcement system or using social engineering tactics to gain access to budget credentials.
* Audit log tampering possibilities: There are potential audit log tampering possibilities, such as exploiting vulnerabilities in the audit logging system or using social engineering tactics to gain access to audit log credentials.

**3. Attack Vectors**
If we were trying to break out of this system, we would exploit the following attack vectors:
* API key access: Exploiting vulnerabilities in the API key management system or using social engineering tactics to gain access to API keys.
* File system access: Exploiting vulnerabilities in the file system or using social engineering tactics to gain access to sensitive files.
* Network access: Exploiting vulnerabilities in the network or using social engineering tactics to gain access to the network.
* Self-modification paths: Exploiting vulnerabilities in the self-modification system or using social engineering tactics to gain access to self-modification credentials.
* Constitutional rule bypass: Exploiting vulnerabilities in the constitutional rule system or using social engineering tactics to gain access to constitutional rule credentials.

**4. LAN User Isolation**
* Can LAN users access host files? No, LAN users are restricted from accessing host files.
* Can LAN users escalate to admin? No, LAN users are restricted from escalating to admin.
* Can LAN users modify security infrastructure? No, LAN users are restricted from modifying security infrastructure.
* Are sessions properly isolated? Yes, sessions are properly isolated using a combination of role-based access control, budget enforcement, and audit logging.

**5. Compliance with LAN_SAFETY_DESIGN.md**
The implementation matches the design in most areas, but there are some gaps:
* The implementation does not include a fine-grained policy engine, which is specified in the design document.
* The implementation does not include dynamic sandbox scaling, which is specified in the design document.
* The implementation does not include zero-trust identity, which is specified in the design document.

**6. Critical Gaps**
Prioritized list of security holes (1-10, 1 = critical):
1. **API key management vulnerability**: Exploiting vulnerabilities in the API key management system or using social engineering tactics to gain access to API keys. (Severity: 9/10, Exploitation difficulty: 6/10, Potential impact: 9/10)
2. **File system vulnerability**: Exploiting vulnerabilities in the file system or using social engineering tactics to gain access to sensitive files. (Severity: 8/10, Exploitation difficulty: 7/10, Potential impact: 8/10)
3. **Network vulnerability**: Exploiting vulnerabilities in the network or using social engineering tactics to gain access to the network. (Severity: 7/10, Exploitation difficulty: 8/10, Potential impact: 7/10)
4. **Self-modification vulnerability**: Exploiting vulnerabilities in the self-modification system or using social engineering tactics to gain access to self-modification credentials. (Severity: 6/10, Exploitation difficulty: 9/10, Potential impact: 6/10)
5. **Constitutional rule bypass**: Exploiting vulnerabilities in the constitutional rule system or using social engineering tactics to gain access to constitutional rule credentials. (Severity: 5/10, Exploitation difficulty: 10/10, Potential impact: 5/10)

**7. Recommendations**
What MUST be fixed immediately:
* Implement a fine-grained policy engine to restrict access to sensitive resources.
* Implement dynamic sandbox scaling to prevent resource exhaustion attacks.
* Implement zero-trust identity to prevent unauthorized access to the system.
What can wait:
* Implementing additional security layers, such as a web application firewall (WAF) or an intrusion detection system (IDS).
* Conducting regular security audits and penetration testing to identify and address potential vulnerabilities.

**Attack Scenario Examples**
* An attacker exploits a vulnerability in the API key management system to gain access to API keys, which can be used to access sensitive resources.
* An attacker exploits a vulnerability in the file system to gain access to sensitive files, which can be used to steal sensitive data or disrupt system operations.
* An attacker exploits a vulnerability in the network to gain access to the network, which can be used to launch further attacks or disrupt system operations.

This report highlights the importance of implementing a comprehensive security strategy that includes multiple layers of defense, regular security audits, and penetration testing to identify and address potential vulnerabilities. By prioritizing the implementation of a fine-grained policy engine, dynamic sandbox scaling, and zero-trust identity, the system can be significantly more secure and resilient to potential attacks.
